build/app/intermediates/manifest_merge_blame_file/release/manifest-merger-blame-release-report.txt
1<?xml version="1.0" encoding="utf-8"?>
2<manifest xmlns:android="http://schemas.android.com/apk/res/android"
3    package="com.example.antex"
4    android:versionCode="4001"
5    android:versionName="1.0.0" >
6
7    <uses-sdk
8        android:minSdkVersion="19"
8-->src/main/AndroidManifest.xml
9        android:targetSdkVersion="31" />
9-->src/main/AndroidManifest.xml
10
11    <uses-permission android:name="android.permission.INTERNET" />
11-->src/main/AndroidManifest.xml:3:5-66
11-->src/main/AndroidManifest.xml:3:22-64
12
13    <application
13-->src/main/AndroidManifest.xml:5:5-28:19
14        android:appComponentFactory="androidx.core.app.CoreComponentFactory"
14-->[androidx.core:core:1.6.0] AndroidManifest.xml:24:18-86
15        android:icon="@mipmap/ic_launcher"
15-->src/main/AndroidManifest.xml:5:40-74
16        android:label="antex" >
16-->src/main/AndroidManifest.xml:5:18-39
17        <activity
17-->src/main/AndroidManifest.xml:6:9-24:20
18            android:name="com.example.antex.MainActivity"
18-->src/main/AndroidManifest.xml:7:13-41
19            android:configChanges="orientation|keyboardHidden|keyboard|screenSize|smallestScreenSize|locale|layoutDirection|fontScale|screenLayout|density|uiMode"
19-->src/main/AndroidManifest.xml:7:108-258
20            android:hardwareAccelerated="true"
20-->src/main/AndroidManifest.xml:7:259-293
21            android:launchMode="singleTop"
21-->src/main/AndroidManifest.xml:7:42-72
22            android:theme="@style/LaunchTheme"
22-->src/main/AndroidManifest.xml:7:73-107
23            android:windowSoftInputMode="adjustResize" >
23-->src/main/AndroidManifest.xml:7:294-336
24
25            <!--
26                 Specifies an Android theme to apply to this Activity as soon as
27                             the Android process has started. This theme is visible to the user
28                             while the Flutter UI initializes. After that, this theme continues
29                             to determine the Window background behind the Flutter UI.
30            -->
31            <meta-data
31-->src/main/AndroidManifest.xml:12:13-13:108
32                android:name="io.flutter.embedding.android.NormalTheme"
32-->src/main/AndroidManifest.xml:13:13-68
33                android:resource="@style/NormalTheme" />
33-->src/main/AndroidManifest.xml:13:69-106
34            <!--
35                 Displays an Android View that continues showing the launch screen
36                             Drawable until Flutter paints its first frame, then this splash
37                             screen fades out. A splash screen is useful to avoid any visual
38                             gap between the end of Android's launch screen and the painting of
39                             Flutter's first frame.
40            -->
41            <meta-data
41-->src/main/AndroidManifest.xml:19:13-137
42                android:name="io.flutter.embedding.android.SplashScreenDrawable"
42-->src/main/AndroidManifest.xml:19:24-88
43                android:resource="@drawable/launch_background" />
43-->src/main/AndroidManifest.xml:19:89-135
44
45            <intent-filter>
45-->src/main/AndroidManifest.xml:20:13-23:29
46                <action android:name="android.intent.action.MAIN" />
46-->src/main/AndroidManifest.xml:21:17-68
46-->src/main/AndroidManifest.xml:21:25-66
47
48                <category android:name="android.intent.category.LAUNCHER" />
48-->src/main/AndroidManifest.xml:22:17-76
48-->src/main/AndroidManifest.xml:22:27-74
49            </intent-filter>
50        </activity>
51        <!--
52             Don't delete the meta-data below.
53                     This is used by the Flutter tool to generate GeneratedPluginRegistrant.java
54        -->
55        <meta-data
55-->src/main/AndroidManifest.xml:27:9-71
56            android:name="flutterEmbedding"
56-->src/main/AndroidManifest.xml:27:20-51
57            android:value="2" />
57-->src/main/AndroidManifest.xml:27:52-69
58
59        <uses-library
59-->[androidx.window:window:1.0.0-beta04] AndroidManifest.xml:25:9-27:40
60            android:name="androidx.window.extensions"
60-->[androidx.window:window:1.0.0-beta04] AndroidManifest.xml:26:13-54
61            android:required="false" />
61-->[androidx.window:window:1.0.0-beta04] AndroidManifest.xml:27:13-37
62        <uses-library
62-->[androidx.window:window:1.0.0-beta04] AndroidManifest.xml:28:9-30:40
63            android:name="androidx.window.sidecar"
63-->[androidx.window:window:1.0.0-beta04] AndroidManifest.xml:29:13-51
64            android:required="false" />
64-->[androidx.window:window:1.0.0-beta04] AndroidManifest.xml:30:13-37
65    </application>
66
67</manifest>